PLINK v2.00a2.3LM 64-bit Intel (24 Jan 2020)
Options in effect:
  --glm
  --out /data/srlab/lrumker/MCSC_Project/cna-qtl/GeNA/tutorial/output/plink_per_nampc/NAM
  --pfile /data/srlab/lrumker/MCSC_Project/cna-qtl/GeNA/tutorial/data/gtypes
  --pheno /data/srlab/lrumker/MCSC_Project/cna-qtl/GeNA/tutorial/output/nampcs.csv
  --require-pheno

Hostname: cn004.research.partners.org
Working directory: /data/srlab/lrumker/MCSC_Project/cna-qtl/GeNA
Start time: Mon Nov 13 15:55:16 2023

Random number seed: 1699908916
128936 MiB RAM detected; reserving 64468 MiB for main workspace.
Using up to 24 threads (change this with --threads).
100 samples (0 females, 0 males, 100 ambiguous; 100 founders) loaded from
/data/srlab/lrumker/MCSC_Project/cna-qtl/GeNA/tutorial/data/gtypes.psam.
10180 variants loaded from
/data/srlab/lrumker/MCSC_Project/cna-qtl/GeNA/tutorial/data/gtypes.pvar.
2 quantitative phenotypes loaded.
--require-pheno: 0 samples removed.
100 samples (0 females, 0 males, 100 ambiguous; 100 founders) remaining after
main filters.
Calculating allele frequencies... done.
--glm linear regression on quantitative phenotypes #1-2: done.
Results written to
/data/srlab/lrumker/MCSC_Project/cna-qtl/GeNA/tutorial/output/plink_per_nampc/NAM.<phenotype
name>.glm.linear .

End time: Mon Nov 13 15:55:16 2023
